app/build/intermediates/manifest_merge_blame_file/debug/processDebugMainManifest/manifest-merger-blame-debug-report.txt
1<?xml version="1.0" encoding="utf-8"?>
2<manifest xmlns:android="http://schemas.android.com/apk/res/android"
3    package="com.example.myapplication"
4    android:versionCode="1"
5    android:versionName="1.0" >
6
7    <uses-sdk
8        android:minSdkVersion="24"
9        android:targetSdkVersion="36" />
10
11    <uses-permission android:name="android.permission.BLUETOOTH" />
11-->src\main\AndroidManifest.xml:5:5-68
11-->src\main\AndroidManifest.xml:5:22-65
12    <uses-permission android:name="android.permission.BLUETOOTH_ADMIN" /> <!-- For Android 12+ -->
12-->src\main\AndroidManifest.xml:6:5-74
12-->src\main\AndroidManifest.xml:6:22-71
13    <uses-permission android:name="android.permission.BLUETOOTH_CONNECT" />
13-->src\main\AndroidManifest.xml:7:5-76
13-->src\main\AndroidManifest.xml:7:22-73
14    <uses-permission android:name="android.permission.BLUETOOTH_SCAN" />
14-->src\main\AndroidManifest.xml:8:5-73
14-->src\main\AndroidManifest.xml:8:22-70
15    <uses-permission android:name="android.permission.ACCESS_FINE_LOCATION" />
15-->src\main\AndroidManifest.xml:9:5-79
15-->src\main\AndroidManifest.xml:9:22-76
16    <uses-permission android:name="android.permission.ACCESS_COARSE_LOCATION" />
16-->src\main\AndroidManifest.xml:10:5-81
16-->src\main\AndroidManifest.xml:10:22-78
17    <uses-permission android:name="android.permission.INTERNET" />
17-->src\main\AndroidManifest.xml:11:5-67
17-->src\main\AndroidManifest.xml:11:22-64
18    <uses-permission android:name="android.permission.ACCESS_NETWORK_STATE" />
18-->[com.google.firebase:firebase-auth:23.0.0] AndroidManifest.xml:26:5-79
18-->[com.google.firebase:firebase-auth:23.0.0] AndroidManifest.xml:26:22-76
19    <uses-permission android:name="android.permission.WAKE_LOCK" />
19-->[com.google.android.gms:play-services-measurement-api:22.0.2] AndroidManifest.xml:24:5-68
19-->[com.google.android.gms:play-services-measurement-api:22.0.2] AndroidManifest.xml:24:22-65
20    <uses-permission android:name="com.google.android.gms.permission.AD_ID" />
20-->[com.google.android.gms:play-services-measurement-api:22.0.2] AndroidManifest.xml:25:5-79
20-->[com.google.android.gms:play-services-measurement-api:22.0.2] AndroidManifest.xml:25:22-76
21    <uses-permission android:name="android.permission.ACCESS_ADSERVICES_ATTRIBUTION" />
21-->[com.google.android.gms:play-services-measurement-api:22.0.2] AndroidManifest.xml:26:5-88
21-->[com.google.android.gms:play-services-measurement-api:22.0.2] AndroidManifest.xml:26:22-85
22    <uses-permission android:name="android.permission.ACCESS_ADSERVICES_AD_ID" />
22-->[com.google.android.gms:play-services-measurement-api:22.0.2] AndroidManifest.xml:27:5-82
22-->[com.google.android.gms:play-services-measurement-api:22.0.2] AndroidManifest.xml:27:22-79
23    <uses-permission android:name="com.google.android.providers.gsf.permission.READ_GSERVICES" />
23-->[com.google.android.recaptcha:recaptcha:18.4.0] AndroidManifest.xml:9:5-98
23-->[com.google.android.recaptcha:recaptcha:18.4.0] AndroidManifest.xml:9:22-95
24    <uses-permission android:name="com.google.android.finsky.permission.BIND_GET_INSTALL_REFERRER_SERVICE" />
24-->[com.google.android.gms:play-services-measurement:22.0.2] AndroidManifest.xml:26:5-110
24-->[com.google.android.gms:play-services-measurement:22.0.2] AndroidManifest.xml:26:22-107
25
26    <permission
26-->[androidx.core:core:1.16.0] AndroidManifest.xml:22:5-24:47
27        android:name="com.example.myapplication.DYNAMIC_RECEIVER_NOT_EXPORTED_PERMISSION"
27-->[androidx.core:core:1.16.0] AndroidManifest.xml:23:9-81
28        android:protectionLevel="signature" />
28-->[androidx.core:core:1.16.0] AndroidManifest.xml:24:9-44
29
30    <uses-permission android:name="com.example.myapplication.DYNAMIC_RECEIVER_NOT_EXPORTED_PERMISSION" />
30-->[androidx.core:core:1.16.0] AndroidManifest.xml:26:5-97
30-->[androidx.core:core:1.16.0] AndroidManifest.xml:26:22-94
31
32    <application
32-->src\main\AndroidManifest.xml:13:5-58:19
33        android:name="com.example.myapplication.MyApp"
33-->src\main\AndroidManifest.xml:14:9-30
34        android:allowBackup="true"
34-->src\main\AndroidManifest.xml:15:9-35
35        android:appComponentFactory="androidx.core.app.CoreComponentFactory"
35-->[androidx.core:core:1.16.0] AndroidManifest.xml:28:18-86
36        android:dataExtractionRules="@xml/data_extraction_rules"
36-->src\main\AndroidManifest.xml:16:9-65
37        android:debuggable="true"
38        android:extractNativeLibs="false"
39        android:fullBackupContent="@xml/backup_rules"
39-->src\main\AndroidManifest.xml:17:9-54
40        android:icon="@mipmap/ic_launcher"
40-->src\main\AndroidManifest.xml:18:9-43
41        android:label="@string/app_name"
41-->src\main\AndroidManifest.xml:19:9-41
42        android:networkSecurityConfig="@xml/network_security_config"
42-->src\main\AndroidManifest.xml:20:9-69
43        android:roundIcon="@mipmap/ic_launcher_round"
43-->src\main\AndroidManifest.xml:21:9-54
44        android:supportsRtl="true"
44-->src\main\AndroidManifest.xml:22:9-35
45        android:testOnly="true"
46        android:theme="@style/Theme.MyApplication" >
46-->src\main\AndroidManifest.xml:23:9-51
47        <activity
47-->src\main\AndroidManifest.xml:24:9-26:40
48            android:name="com.example.myapplication.CropAdvisory"
48-->src\main\AndroidManifest.xml:25:13-41
49            android:exported="false" />
49-->src\main\AndroidManifest.xml:26:13-37
50        <activity
50-->src\main\AndroidManifest.xml:27:9-29:40
51            android:name="com.example.myapplication.AdviceActivity"
51-->src\main\AndroidManifest.xml:28:13-43
52            android:exported="false" />
52-->src\main\AndroidManifest.xml:29:13-37
53        <activity
53-->src\main\AndroidManifest.xml:30:9-32:40
54            android:name="com.example.myapplication.CropDecisionActivity"
54-->src\main\AndroidManifest.xml:31:13-49
55            android:exported="false" />
55-->src\main\AndroidManifest.xml:32:13-37
56        <activity
56-->src\main\AndroidManifest.xml:33:9-35:40
57            android:name="com.example.myapplication.HistoryActivity"
57-->src\main\AndroidManifest.xml:34:13-44
58            android:exported="false" />
58-->src\main\AndroidManifest.xml:35:13-37
59        <activity android:name="com.example.myapplication.ManualEntryActivity" />
59-->src\main\AndroidManifest.xml:36:9-57
59-->src\main\AndroidManifest.xml:36:19-54
60        <activity android:name="com.example.myapplication.DashboardActivity" />
60-->src\main\AndroidManifest.xml:37:9-55
60-->src\main\AndroidManifest.xml:37:19-52
61        <activity android:name="com.example.myapplication.MainActivity" />
61-->src\main\AndroidManifest.xml:38:9-50
61-->src\main\AndroidManifest.xml:38:19-47
62        <activity
62-->src\main\AndroidManifest.xml:39:9-47:20
63            android:name="com.example.myapplication.LoginActivity"
63-->src\main\AndroidManifest.xml:40:13-42
64            android:exported="true" >
64-->src\main\AndroidManifest.xml:41:13-36
65            <intent-filter>
65-->src\main\AndroidManifest.xml:42:13-46:29
66                <action android:name="android.intent.action.MAIN" />
66-->src\main\AndroidManifest.xml:43:17-69
66-->src\main\AndroidManifest.xml:43:25-66
67
68                <category android:name="android.intent.category.LAUNCHER" />
68-->src\main\AndroidManifest.xml:45:17-77
68-->src\main\AndroidManifest.xml:45:27-74
69            </intent-filter>
70        </activity>
71
72        <receiver
72-->src\main\AndroidManifest.xml:49:9-57:20
73            android:name="com.example.myapplication.data.local.NetworkReceiver"
73-->src\main\AndroidManifest.xml:50:13-55
74            android:exported="true" >
74-->src\main\AndroidManifest.xml:51:13-36
75            <intent-filter>
75-->src\main\AndroidManifest.xml:52:13-56:29
76                <action android:name="android.net.conn.CONNECTIVITY_CHANGE" />
76-->src\main\AndroidManifest.xml:53:17-55:50
76-->src\main\AndroidManifest.xml:54:21-72
77            </intent-filter>
78        </receiver>
79
80        <activity
80-->[com.google.firebase:firebase-auth:23.0.0] AndroidManifest.xml:29:9-46:20
81            android:name="com.google.firebase.auth.internal.GenericIdpActivity"
81-->[com.google.firebase:firebase-auth:23.0.0] AndroidManifest.xml:30:13-80
82            android:excludeFromRecents="true"
82-->[com.google.firebase:firebase-auth:23.0.0] AndroidManifest.xml:31:13-46
83            android:exported="true"
83-->[com.google.firebase:firebase-auth:23.0.0] AndroidManifest.xml:32:13-36
84            android:launchMode="singleTask"
84-->[com.google.firebase:firebase-auth:23.0.0] AndroidManifest.xml:33:13-44
85            android:theme="@android:style/Theme.Translucent.NoTitleBar" >
85-->[com.google.firebase:firebase-auth:23.0.0] AndroidManifest.xml:34:13-72
86            <intent-filter>
86-->[com.google.firebase:firebase-auth:23.0.0] AndroidManifest.xml:35:13-45:29
87                <action android:name="android.intent.action.VIEW" />
87-->[com.google.firebase:firebase-auth:23.0.0] AndroidManifest.xml:36:17-69
87-->[com.google.firebase:firebase-auth:23.0.0] AndroidManifest.xml:36:25-66
88
89                <category android:name="android.intent.category.DEFAULT" />
89-->[com.google.firebase:firebase-auth:23.0.0] AndroidManifest.xml:38:17-76
89-->[com.google.firebase:firebase-auth:23.0.0] AndroidManifest.xml:38:27-73
90                <category android:name="android.intent.category.BROWSABLE" />
90-->[com.google.firebase:firebase-auth:23.0.0] AndroidManifest.xml:39:17-78
90-->[com.google.firebase:firebase-auth:23.0.0] AndroidManifest.xml:39:27-75
91
92                <data
92-->[com.google.firebase:firebase-auth:23.0.0] AndroidManifest.xml:41:17-44:51
93                    android:host="firebase.auth"
93-->[com.google.firebase:firebase-auth:23.0.0] AndroidManifest.xml:42:21-49
94                    android:path="/"
94-->[com.google.firebase:firebase-auth:23.0.0] AndroidManifest.xml:43:21-37
95                    android:scheme="genericidp" />
95-->[com.google.firebase:firebase-auth:23.0.0] AndroidManifest.xml:44:21-48
96            </intent-filter>
97        </activity>
98        <activity
98-->[com.google.firebase:firebase-auth:23.0.0] AndroidManifest.xml:47:9-64:20
99            android:name="com.google.firebase.auth.internal.RecaptchaActivity"
99-->[com.google.firebase:firebase-auth:23.0.0] AndroidManifest.xml:48:13-79
100            android:excludeFromRecents="true"
100-->[com.google.firebase:firebase-auth:23.0.0] AndroidManifest.xml:49:13-46
101            android:exported="true"
101-->[com.google.firebase:firebase-auth:23.0.0] AndroidManifest.xml:50:13-36
102            android:launchMode="singleTask"
102-->[com.google.firebase:firebase-auth:23.0.0] AndroidManifest.xml:51:13-44
103            android:theme="@android:style/Theme.Translucent.NoTitleBar" >
103-->[com.google.firebase:firebase-auth:23.0.0] AndroidManifest.xml:52:13-72
104            <intent-filter>
104-->[com.google.firebase:firebase-auth:23.0.0] AndroidManifest.xml:53:13-63:29
105                <action android:name="android.intent.action.VIEW" />
105-->[com.google.firebase:firebase-auth:23.0.0] AndroidManifest.xml:36:17-69
105-->[com.google.firebase:firebase-auth:23.0.0] AndroidManifest.xml:36:25-66
106
107                <category android:name="android.intent.category.DEFAULT" />
107-->[com.google.firebase:firebase-auth:23.0.0] AndroidManifest.xml:38:17-76
107-->[com.google.firebase:firebase-auth:23.0.0] AndroidManifest.xml:38:27-73
108                <category android:name="android.intent.category.BROWSABLE" />
108-->[com.google.firebase:firebase-auth:23.0.0] AndroidManifest.xml:39:17-78
108-->[com.google.firebase:firebase-auth:23.0.0] AndroidManifest.xml:39:27-75
109
110                <data
110-->[com.google.firebase:firebase-auth:23.0.0] AndroidManifest.xml:41:17-44:51
111                    android:host="firebase.auth"
111-->[com.google.firebase:firebase-auth:23.0.0] AndroidManifest.xml:42:21-49
112                    android:path="/"
112-->[com.google.firebase:firebase-auth:23.0.0] AndroidManifest.xml:43:21-37
113                    android:scheme="recaptcha" />
113-->[com.google.firebase:firebase-auth:23.0.0] AndroidManifest.xml:44:21-48
114            </intent-filter>
115        </activity>
116
117        <service
117-->[com.google.firebase:firebase-auth:23.0.0] AndroidManifest.xml:66:9-72:19
118            android:name="com.google.firebase.components.ComponentDiscoveryService"
118-->[com.google.firebase:firebase-auth:23.0.0] AndroidManifest.xml:67:13-84
119            android:directBootAware="true"
119-->[com.google.firebase:firebase-common:21.0.0] AndroidManifest.xml:32:13-43
120            android:exported="false" >
120-->[com.google.firebase:firebase-auth:23.0.0] AndroidManifest.xml:68:13-37
121            <meta-data
121-->[com.google.firebase:firebase-auth:23.0.0] AndroidManifest.xml:69:13-71:85
122                android:name="com.google.firebase.components:com.google.firebase.auth.FirebaseAuthRegistrar"
122-->[com.google.firebase:firebase-auth:23.0.0] AndroidManifest.xml:70:17-109
123                android:value="com.google.firebase.components.ComponentRegistrar" />
123-->[com.google.firebase:firebase-auth:23.0.0] AndroidManifest.xml:71:17-82
124            <meta-data
124-->[com.google.firebase:firebase-database:21.0.0] AndroidManifest.xml:29:13-31:85
125                android:name="com.google.firebase.components:com.google.firebase.database.FirebaseDatabaseKtxRegistrar"
125-->[com.google.firebase:firebase-database:21.0.0] AndroidManifest.xml:30:17-120
126                android:value="com.google.firebase.components.ComponentRegistrar" />
126-->[com.google.firebase:firebase-database:21.0.0] AndroidManifest.xml:31:17-82
127            <meta-data
127-->[com.google.firebase:firebase-database:21.0.0] AndroidManifest.xml:32:13-34:85
128                android:name="com.google.firebase.components:com.google.firebase.database.DatabaseRegistrar"
128-->[com.google.firebase:firebase-database:21.0.0] AndroidManifest.xml:33:17-109
129                android:value="com.google.firebase.components.ComponentRegistrar" />
129-->[com.google.firebase:firebase-database:21.0.0] AndroidManifest.xml:34:17-82
130            <meta-data
130-->[com.google.android.gms:play-services-measurement-api:22.0.2] AndroidManifest.xml:37:13-39:85
131                android:name="com.google.firebase.components:com.google.firebase.analytics.connector.internal.AnalyticsConnectorRegistrar"
131-->[com.google.android.gms:play-services-measurement-api:22.0.2] AndroidManifest.xml:38:17-139
132                android:value="com.google.firebase.components.ComponentRegistrar" />
132-->[com.google.android.gms:play-services-measurement-api:22.0.2] AndroidManifest.xml:39:17-82
133            <meta-data
133-->[com.google.firebase:firebase-installations:18.0.0] AndroidManifest.xml:15:13-17:85
134                android:name="com.google.firebase.components:com.google.firebase.installations.FirebaseInstallationsKtxRegistrar"
134-->[com.google.firebase:firebase-installations:18.0.0] AndroidManifest.xml:16:17-130
135                android:value="com.google.firebase.components.ComponentRegistrar" />
135-->[com.google.firebase:firebase-installations:18.0.0] AndroidManifest.xml:17:17-82
136            <meta-data
136-->[com.google.firebase:firebase-installations:18.0.0] AndroidManifest.xml:18:13-20:85
137                android:name="com.google.firebase.components:com.google.firebase.installations.FirebaseInstallationsRegistrar"
137-->[com.google.firebase:firebase-installations:18.0.0] AndroidManifest.xml:19:17-127
138                android:value="com.google.firebase.components.ComponentRegistrar" />
138-->[com.google.firebase:firebase-installations:18.0.0] AndroidManifest.xml:20:17-82
139            <meta-data
139-->[com.google.firebase:firebase-common-ktx:21.0.0] AndroidManifest.xml:12:13-14:85
140                android:name="com.google.firebase.components:com.google.firebase.ktx.FirebaseCommonLegacyRegistrar"
140-->[com.google.firebase:firebase-common-ktx:21.0.0] AndroidManifest.xml:13:17-116
141                android:value="com.google.firebase.components.ComponentRegistrar" />
141-->[com.google.firebase:firebase-common-ktx:21.0.0] AndroidManifest.xml:14:17-82
142            <meta-data
142-->[com.google.firebase:firebase-common:21.0.0] AndroidManifest.xml:35:13-37:85
143                android:name="com.google.firebase.components:com.google.firebase.FirebaseCommonKtxRegistrar"
143-->[com.google.firebase:firebase-common:21.0.0] AndroidManifest.xml:36:17-109
144                android:value="com.google.firebase.components.ComponentRegistrar" />
144-->[com.google.firebase:firebase-common:21.0.0] AndroidManifest.xml:37:17-82
145        </service>
146        <service
146-->[androidx.credentials:credentials-play-services-auth:1.2.0-rc01] AndroidManifest.xml:24:9-32:19
147            android:name="androidx.credentials.playservices.CredentialProviderMetadataHolder"
147-->[androidx.credentials:credentials-play-services-auth:1.2.0-rc01] AndroidManifest.xml:25:13-94
148            android:enabled="true"
148-->[androidx.credentials:credentials-play-services-auth:1.2.0-rc01] AndroidManifest.xml:26:13-35
149            android:exported="false" >
149-->[androidx.credentials:credentials-play-services-auth:1.2.0-rc01] AndroidManifest.xml:27:13-37
150            <meta-data
150-->[androidx.credentials:credentials-play-services-auth:1.2.0-rc01] AndroidManifest.xml:29:13-31:104
151                android:name="androidx.credentials.CREDENTIAL_PROVIDER_KEY"
151-->[androidx.credentials:credentials-play-services-auth:1.2.0-rc01] AndroidManifest.xml:30:17-76
152                android:value="androidx.credentials.playservices.CredentialProviderPlayServicesImpl" />
152-->[androidx.credentials:credentials-play-services-auth:1.2.0-rc01] AndroidManifest.xml:31:17-101
153        </service>
154
155        <activity
155-->[androidx.credentials:credentials-play-services-auth:1.2.0-rc01] AndroidManifest.xml:34:9-41:20
156            android:name="androidx.credentials.playservices.HiddenActivity"
156-->[androidx.credentials:credentials-play-services-auth:1.2.0-rc01] AndroidManifest.xml:35:13-76
157            android:configChanges="orientation|screenSize|screenLayout|keyboardHidden"
157-->[androidx.credentials:credentials-play-services-auth:1.2.0-rc01] AndroidManifest.xml:36:13-87
158            android:enabled="true"
158-->[androidx.credentials:credentials-play-services-auth:1.2.0-rc01] AndroidManifest.xml:37:13-35
159            android:exported="false"
159-->[androidx.credentials:credentials-play-services-auth:1.2.0-rc01] AndroidManifest.xml:38:13-37
160            android:fitsSystemWindows="true"
160-->[androidx.credentials:credentials-play-services-auth:1.2.0-rc01] AndroidManifest.xml:39:13-45
161            android:theme="@style/Theme.Hidden" >
161-->[androidx.credentials:credentials-play-services-auth:1.2.0-rc01] AndroidManifest.xml:40:13-48
162        </activity>
163        <activity
163-->[com.google.android.gms:play-services-auth:20.7.0] AndroidManifest.xml:23:9-27:75
164            android:name="com.google.android.gms.auth.api.signin.internal.SignInHubActivity"
164-->[com.google.android.gms:play-services-auth:20.7.0] AndroidManifest.xml:24:13-93
165            android:excludeFromRecents="true"
165-->[com.google.android.gms:play-services-auth:20.7.0] AndroidManifest.xml:25:13-46
166            android:exported="false"
166-->[com.google.android.gms:play-services-auth:20.7.0] AndroidManifest.xml:26:13-37
167            android:theme="@android:style/Theme.Translucent.NoTitleBar" />
167-->[com.google.android.gms:play-services-auth:20.7.0] AndroidManifest.xml:27:13-72
168        <!--
169            Service handling Google Sign-In user revocation. For apps that do not integrate with
170            Google Sign-In, this service will never be started.
171        -->
172        <service
172-->[com.google.android.gms:play-services-auth:20.7.0] AndroidManifest.xml:33:9-37:51
173            android:name="com.google.android.gms.auth.api.signin.RevocationBoundService"
173-->[com.google.android.gms:play-services-auth:20.7.0] AndroidManifest.xml:34:13-89
174            android:exported="true"
174-->[com.google.android.gms:play-services-auth:20.7.0] AndroidManifest.xml:35:13-36
175            android:permission="com.google.android.gms.auth.api.signin.permission.REVOCATION_NOTIFICATION"
175-->[com.google.android.gms:play-services-auth:20.7.0] AndroidManifest.xml:36:13-107
176            android:visibleToInstantApps="true" />
176-->[com.google.android.gms:play-services-auth:20.7.0] AndroidManifest.xml:37:13-48
177
178        <activity
178-->[com.google.android.gms:play-services-base:18.5.0] AndroidManifest.xml:5:9-173
179            android:name="com.google.android.gms.common.api.GoogleApiActivity"
179-->[com.google.android.gms:play-services-base:18.5.0] AndroidManifest.xml:5:19-85
180            android:exported="false"
180-->[com.google.android.gms:play-services-base:18.5.0] AndroidManifest.xml:5:146-170
181            android:theme="@android:style/Theme.Translucent.NoTitleBar" />
181-->[com.google.android.gms:play-services-base:18.5.0] AndroidManifest.xml:5:86-145
182
183        <property
183-->[com.google.android.gms:play-services-measurement-api:22.0.2] AndroidManifest.xml:30:9-32:61
184            android:name="android.adservices.AD_SERVICES_CONFIG"
184-->[com.google.android.gms:play-services-measurement-api:22.0.2] AndroidManifest.xml:31:13-65
185            android:resource="@xml/ga_ad_services_config" />
185-->[com.google.android.gms:play-services-measurement-api:22.0.2] AndroidManifest.xml:32:13-58
186
187        <provider
187-->[com.google.firebase:firebase-common:21.0.0] AndroidManifest.xml:23:9-28:39
188            android:name="com.google.firebase.provider.FirebaseInitProvider"
188-->[com.google.firebase:firebase-common:21.0.0] AndroidManifest.xml:24:13-77
189            android:authorities="com.example.myapplication.firebaseinitprovider"
189-->[com.google.firebase:firebase-common:21.0.0] AndroidManifest.xml:25:13-72
190            android:directBootAware="true"
190-->[com.google.firebase:firebase-common:21.0.0] AndroidManifest.xml:26:13-43
191            android:exported="false"
191-->[com.google.firebase:firebase-common:21.0.0] AndroidManifest.xml:27:13-37
192            android:initOrder="100" />
192-->[com.google.firebase:firebase-common:21.0.0] AndroidManifest.xml:28:13-36
193        <provider
193-->[androidx.emoji2:emoji2:1.3.0] AndroidManifest.xml:24:9-32:20
194            android:name="androidx.startup.InitializationProvider"
194-->[androidx.emoji2:emoji2:1.3.0] AndroidManifest.xml:25:13-67
195            android:authorities="com.example.myapplication.androidx-startup"
195-->[androidx.emoji2:emoji2:1.3.0] AndroidManifest.xml:26:13-68
196            android:exported="false" >
196-->[androidx.emoji2:emoji2:1.3.0] AndroidManifest.xml:27:13-37
197            <meta-data
197-->[androidx.emoji2:emoji2:1.3.0] AndroidManifest.xml:29:13-31:52
198                android:name="androidx.emoji2.text.EmojiCompatInitializer"
198-->[androidx.emoji2:emoji2:1.3.0] AndroidManifest.xml:30:17-75
199                android:value="androidx.startup" />
199-->[androidx.emoji2:emoji2:1.3.0] AndroidManifest.xml:31:17-49
200            <meta-data
200-->[androidx.lifecycle:lifecycle-process:2.6.2] AndroidManifest.xml:29:13-31:52
201                android:name="androidx.lifecycle.ProcessLifecycleInitializer"
201-->[androidx.lifecycle:lifecycle-process:2.6.2] AndroidManifest.xml:30:17-78
202                android:value="androidx.startup" />
202-->[androidx.lifecycle:lifecycle-process:2.6.2] AndroidManifest.xml:31:17-49
203            <meta-data
203-->[androidx.profileinstaller:profileinstaller:1.4.0] AndroidManifest.xml:29:13-31:52
204                android:name="androidx.profileinstaller.ProfileInstallerInitializer"
204-->[androidx.profileinstaller:profileinstaller:1.4.0] AndroidManifest.xml:30:17-85
205                android:value="androidx.startup" />
205-->[androidx.profileinstaller:profileinstaller:1.4.0] AndroidManifest.xml:31:17-49
206        </provider>
207
208        <receiver
208-->[com.google.android.gms:play-services-measurement:22.0.2] AndroidManifest.xml:29:9-33:20
209            android:name="com.google.android.gms.measurement.AppMeasurementReceiver"
209-->[com.google.android.gms:play-services-measurement:22.0.2] AndroidManifest.xml:30:13-85
210            android:enabled="true"
210-->[com.google.android.gms:play-services-measurement:22.0.2] AndroidManifest.xml:31:13-35
211            android:exported="false" >
211-->[com.google.android.gms:play-services-measurement:22.0.2] AndroidManifest.xml:32:13-37
212        </receiver>
213
214        <service
214-->[com.google.android.gms:play-services-measurement:22.0.2] AndroidManifest.xml:35:9-38:40
215            android:name="com.google.android.gms.measurement.AppMeasurementService"
215-->[com.google.android.gms:play-services-measurement:22.0.2] AndroidManifest.xml:36:13-84
216            android:enabled="true"
216-->[com.google.android.gms:play-services-measurement:22.0.2] AndroidManifest.xml:37:13-35
217            android:exported="false" />
217-->[com.google.android.gms:play-services-measurement:22.0.2] AndroidManifest.xml:38:13-37
218        <service
218-->[com.google.android.gms:play-services-measurement:22.0.2] AndroidManifest.xml:39:9-43:72
219            android:name="com.google.android.gms.measurement.AppMeasurementJobService"
219-->[com.google.android.gms:play-services-measurement:22.0.2] AndroidManifest.xml:40:13-87
220            android:enabled="true"
220-->[com.google.android.gms:play-services-measurement:22.0.2] AndroidManifest.xml:41:13-35
221            android:exported="false"
221-->[com.google.android.gms:play-services-measurement:22.0.2] AndroidManifest.xml:42:13-37
222            android:permission="android.permission.BIND_JOB_SERVICE" />
222-->[com.google.android.gms:play-services-measurement:22.0.2] AndroidManifest.xml:43:13-69
223
224        <uses-library
224-->[androidx.privacysandbox.ads:ads-adservices:1.0.0-beta05] AndroidManifest.xml:23:9-25:40
225            android:name="android.ext.adservices"
225-->[androidx.privacysandbox.ads:ads-adservices:1.0.0-beta05] AndroidManifest.xml:24:13-50
226            android:required="false" />
226-->[androidx.privacysandbox.ads:ads-adservices:1.0.0-beta05] AndroidManifest.xml:25:13-37
227
228        <meta-data
228-->[com.google.android.gms:play-services-basement:18.4.0] AndroidManifest.xml:6:9-122
229            android:name="com.google.android.gms.version"
229-->[com.google.android.gms:play-services-basement:18.4.0] AndroidManifest.xml:6:20-65
230            android:value="@integer/google_play_services_version" />
230-->[com.google.android.gms:play-services-basement:18.4.0] AndroidManifest.xml:6:66-119
231
232        <service
232-->[androidx.room:room-runtime:2.6.1] AndroidManifest.xml:24:9-28:63
233            android:name="androidx.room.MultiInstanceInvalidationService"
233-->[androidx.room:room-runtime:2.6.1] AndroidManifest.xml:25:13-74
234            android:directBootAware="true"
234-->[androidx.room:room-runtime:2.6.1] AndroidManifest.xml:26:13-43
235            android:exported="false" />
235-->[androidx.room:room-runtime:2.6.1] AndroidManifest.xml:27:13-37
236
237        <receiver
237-->[androidx.profileinstaller:profileinstaller:1.4.0] AndroidManifest.xml:34:9-52:20
238            android:name="androidx.profileinstaller.ProfileInstallReceiver"
238-->[androidx.profileinstaller:profileinstaller:1.4.0] AndroidManifest.xml:35:13-76
239            android:directBootAware="false"
239-->[androidx.profileinstaller:profileinstaller:1.4.0] AndroidManifest.xml:36:13-44
240            android:enabled="true"
240-->[androidx.profileinstaller:profileinstaller:1.4.0] AndroidManifest.xml:37:13-35
241            android:exported="true"
241-->[androidx.profileinstaller:profileinstaller:1.4.0] AndroidManifest.xml:38:13-36
242            android:permission="android.permission.DUMP" >
242-->[androidx.profileinstaller:profileinstaller:1.4.0] AndroidManifest.xml:39:13-57
243            <intent-filter>
243-->[androidx.profileinstaller:profileinstaller:1.4.0] AndroidManifest.xml:40:13-42:29
244                <action android:name="androidx.profileinstaller.action.INSTALL_PROFILE" />
244-->[androidx.profileinstaller:profileinstaller:1.4.0] AndroidManifest.xml:41:17-91
244-->[androidx.profileinstaller:profileinstaller:1.4.0] AndroidManifest.xml:41:25-88
245            </intent-filter>
246            <intent-filter>
246-->[androidx.profileinstaller:profileinstaller:1.4.0] AndroidManifest.xml:43:13-45:29
247                <action android:name="androidx.profileinstaller.action.SKIP_FILE" />
247-->[androidx.profileinstaller:profileinstaller:1.4.0] AndroidManifest.xml:44:17-85
247-->[androidx.profileinstaller:profileinstaller:1.4.0] AndroidManifest.xml:44:25-82
248            </intent-filter>
249            <intent-filter>
249-->[androidx.profileinstaller:profileinstaller:1.4.0] AndroidManifest.xml:46:13-48:29
250                <action android:name="androidx.profileinstaller.action.SAVE_PROFILE" />
250-->[androidx.profileinstaller:profileinstaller:1.4.0] AndroidManifest.xml:47:17-88
250-->[androidx.profileinstaller:profileinstaller:1.4.0] AndroidManifest.xml:47:25-85
251            </intent-filter>
252            <intent-filter>
252-->[androidx.profileinstaller:profileinstaller:1.4.0] AndroidManifest.xml:49:13-51:29
253                <action android:name="androidx.profileinstaller.action.BENCHMARK_OPERATION" />
253-->[androidx.profileinstaller:profileinstaller:1.4.0] AndroidManifest.xml:50:17-95
253-->[androidx.profileinstaller:profileinstaller:1.4.0] AndroidManifest.xml:50:25-92
254            </intent-filter>
255        </receiver>
256    </application>
257
258</manifest>